<?xml version="1.0" encoding="UTF-8"?>
<coverage generated="1593202810283" clover="3.2.0">
  <project timestamp="1593202810283" name="All files">
    <metrics statements="50" coveredstatements="41" conditionals="6" coveredconditionals="4" methods="17" coveredmethods="14" elements="73" coveredelements="59" complexity="0" loc="50" ncloc="50" packages="2" files="9" classes="9"/>
    <package name="client.src.components">
      <metrics statements="49" coveredstatements="40" conditionals="6" coveredconditionals="4" methods="17" coveredmethods="14"/>
      <file name="App.jsx" path="/home/smolcoda/FEC/tripadvisor_imageMain_casey/client/src/components/App.jsx">
        <metrics statements="2" coveredstatements="2" conditionals="0" coveredconditionals="0" methods="1" coveredmethods="1"/>
        <line num="10" count="1" type="stmt"/>
        <line num="11" count="1" type="stmt"/>
      </file>
      <file name="BottomDescription.jsx" path="/home/smolcoda/FEC/tripadvisor_imageMain_casey/client/src/components/BottomDescription.jsx">
        <metrics statements="3" coveredstatements="3" conditionals="0" coveredconditionals="0" methods="1" coveredmethods="1"/>
        <line num="6" count="1" type="stmt"/>
        <line num="7" count="2" type="stmt"/>
        <line num="30" count="1" type="stmt"/>
      </file>
      <file name="Carousel.jsx" path="/home/smolcoda/FEC/tripadvisor_imageMain_casey/client/src/components/Carousel.jsx">
        <metrics statements="22" coveredstatements="15" conditionals="4" coveredconditionals="2" methods="4" coveredmethods="3"/>
        <line num="9" count="2" type="stmt"/>
        <line num="10" count="2" type="stmt"/>
        <line num="13" count="2" type="stmt"/>
        <line num="14" count="2" type="stmt"/>
        <line num="18" count="2" type="stmt"/>
        <line num="19" count="2" type="stmt"/>
        <line num="20" count="2" type="stmt"/>
        <line num="22" count="2" type="cond" truecount="2" falsecount="0"/>
        <line num="23" count="1" type="stmt"/>
        <line num="25" count="2" type="stmt"/>
        <line num="26" count="2" type="stmt"/>
        <line num="33" count="0" type="stmt"/>
        <line num="34" count="0" type="stmt"/>
        <line num="36" count="0" type="stmt"/>
        <line num="39" count="0" type="cond" truecount="0" falsecount="2"/>
        <line num="40" count="0" type="stmt"/>
        <line num="42" count="0" type="stmt"/>
        <line num="43" count="0" type="stmt"/>
        <line num="50" count="5" type="stmt"/>
        <line num="51" count="5" type="stmt"/>
        <line num="54" count="5" type="stmt"/>
        <line num="65" count="1" type="stmt"/>
      </file>
      <file name="Description.jsx" path="/home/smolcoda/FEC/tripadvisor_imageMain_casey/client/src/components/Description.jsx">
        <metrics statements="11" coveredstatements="9" conditionals="2" coveredconditionals="2" methods="7" coveredmethods="5"/>
        <line num="9" count="1" type="stmt"/>
        <line num="12" count="1" type="stmt"/>
        <line num="13" count="1" type="stmt"/>
        <line num="24" count="1" type="stmt"/>
        <line num="26" count="0" type="stmt"/>
        <line num="34" count="0" type="stmt"/>
        <line num="45" count="2" type="stmt"/>
        <line num="47" count="3" type="stmt"/>
        <line num="49" count="7" type="stmt"/>
        <line num="51" count="2" type="stmt"/>
        <line num="53" count="2" type="stmt"/>
      </file>
      <file name="LeftArrow.jsx" path="/home/smolcoda/FEC/tripadvisor_imageMain_casey/client/src/components/LeftArrow.jsx">
        <metrics statements="3" coveredstatements="3" conditionals="0" coveredconditionals="0" methods="1" coveredmethods="1"/>
        <line num="4" count="1" type="stmt"/>
        <line num="6" count="5" type="stmt"/>
        <line num="18" count="1" type="stmt"/>
      </file>
      <file name="MidBar.jsx" path="/home/smolcoda/FEC/tripadvisor_imageMain_casey/client/src/components/MidBar.jsx">
        <metrics statements="2" coveredstatements="2" conditionals="0" coveredconditionals="0" methods="1" coveredmethods="1"/>
        <line num="3" count="1" type="stmt"/>
        <line num="4" count="2" type="stmt"/>
      </file>
      <file name="RightArrow.jsx" path="/home/smolcoda/FEC/tripadvisor_imageMain_casey/client/src/components/RightArrow.jsx">
        <metrics statements="3" coveredstatements="3" conditionals="0" coveredconditionals="0" methods="1" coveredmethods="1"/>
        <line num="4" count="1" type="stmt"/>
        <line num="6" count="5" type="stmt"/>
        <line num="18" count="1" type="stmt"/>
      </file>
      <file name="SlideShow.jsx" path="/home/smolcoda/FEC/tripadvisor_imageMain_casey/client/src/components/SlideShow.jsx">
        <metrics statements="3" coveredstatements="3" conditionals="0" coveredconditionals="0" methods="1" coveredmethods="1"/>
        <line num="4" count="1" type="stmt"/>
        <line num="5" count="5" type="stmt"/>
        <line num="12" count="1" type="stmt"/>
      </file>
    </package>
    <package name="test">
      <metrics statements="1" coveredstatements="1" conditionals="0" coveredconditionals="0" methods="0" coveredmethods="0"/>
      <file name="MockData.js" path="/home/smolcoda/FEC/tripadvisor_imageMain_casey/test/MockData.js">
        <metrics statements="1" coveredstatements="1" conditionals="0" coveredconditionals="0" methods="0" coveredmethods="0"/>
        <line num="5" count="1" type="stmt"/>
      </file>
    </package>
  </project>
</coverage>
