{"/home/smolcoda/FEC/tripadvisor_imageMain_casey/client/src/components/App.jsx": {"path":"/home/smolcoda/FEC/tripadvisor_imageMain_casey/client/src/components/App.jsx","statementMap":{"0":{"start":{"line":10,"column":12},"end":{"line":16,"column":1}},"1":{"start":{"line":11,"column":2},"end":{"line":15,"column":8}}},"fnMap":{"0":{"name":"(anonymous_0)","decl":{"start":{"line":10,"column":12},"end":{"line":10,"column":13}},"loc":{"start":{"line":11,"column":2},"end":{"line":15,"column":8}},"line":11}},"branchMap":{},"s":{"0":1,"1":1},"f":{"0":1},"b":{},"_coverageSchema":"1a1c01bbd47fc00a2c39e90264f33305004495a9","hash":"457dc69f8f2e5d6dfb20a0a4eb4782b4deabd503"}
,"/home/smolcoda/FEC/tripadvisor_imageMain_casey/client/src/components/BottomDescription.jsx": {"path":"/home/smolcoda/FEC/tripadvisor_imageMain_casey/client/src/components/BottomDescription.jsx","statementMap":{"0":{"start":{"line":6,"column":26},"end":{"line":29,"column":1}},"1":{"start":{"line":7,"column":2},"end":{"line":27,"column":8}},"2":{"start":{"line":30,"column":0},"end":{"line":32,"column":2}}},"fnMap":{"0":{"name":"(anonymous_0)","decl":{"start":{"line":6,"column":26},"end":{"line":6,"column":27}},"loc":{"start":{"line":7,"column":2},"end":{"line":27,"column":8}},"line":7}},"branchMap":{},"s":{"0":1,"1":2,"2":1},"f":{"0":2},"b":{},"_coverageSchema":"1a1c01bbd47fc00a2c39e90264f33305004495a9","hash":"64a8d9ddf2eaa63c6c685ce85cd546503c3b9937"}
,"/home/smolcoda/FEC/tripadvisor_imageMain_casey/client/src/components/Carousel.jsx": {"path":"/home/smolcoda/FEC/tripadvisor_imageMain_casey/client/src/components/Carousel.jsx","statementMap":{"0":{"start":{"line":9,"column":4},"end":{"line":9,"column":17}},"1":{"start":{"line":10,"column":4},"end":{"line":12,"column":6}},"2":{"start":{"line":13,"column":4},"end":{"line":13,"column":43}},"3":{"start":{"line":14,"column":4},"end":{"line":14,"column":43}},"4":{"start":{"line":18,"column":4},"end":{"line":18,"column":27}},"5":{"start":{"line":19,"column":20},"end":{"line":19,"column":30}},"6":{"start":{"line":20,"column":24},"end":{"line":20,"column":34}},"7":{"start":{"line":22,"column":4},"end":{"line":24,"column":5}},"8":{"start":{"line":23,"column":6},"end":{"line":23,"column":17}},"9":{"start":{"line":25,"column":4},"end":{"line":25,"column":15}},"10":{"start":{"line":26,"column":4},"end":{"line":28,"column":7}},"11":{"start":{"line":33,"column":4},"end":{"line":33,"column":27}},"12":{"start":{"line":34,"column":20},"end":{"line":34,"column":30}},"13":{"start":{"line":36,"column":24},"end":{"line":36,"column":34}},"14":{"start":{"line":39,"column":4},"end":{"line":41,"column":5}},"15":{"start":{"line":40,"column":6},"end":{"line":40,"column":29}},"16":{"start":{"line":42,"column":4},"end":{"line":42,"column":15}},"17":{"start":{"line":43,"column":4},"end":{"line":45,"column":7}},"18":{"start":{"line":50,"column":22},"end":{"line":50,"column":32}},"19":{"start":{"line":51,"column":24},"end":{"line":51,"column":34}},"20":{"start":{"line":54,"column":4},"end":{"line":61,"column":6}},"21":{"start":{"line":65,"column":0},"end":{"line":67,"column":2}}},"fnMap":{"0":{"name":"(anonymous_0)","decl":{"start":{"line":8,"column":2},"end":{"line":8,"column":3}},"loc":{"start":{"line":8,"column":21},"end":{"line":15,"column":3}},"line":8},"1":{"name":"(anonymous_1)","decl":{"start":{"line":17,"column":2},"end":{"line":17,"column":3}},"loc":{"start":{"line":17,"column":17},"end":{"line":30,"column":3}},"line":17},"2":{"name":"(anonymous_2)","decl":{"start":{"line":32,"column":2},"end":{"line":32,"column":3}},"loc":{"start":{"line":32,"column":17},"end":{"line":46,"column":3}},"line":32},"3":{"name":"(anonymous_3)","decl":{"start":{"line":48,"column":2},"end":{"line":48,"column":3}},"loc":{"start":{"line":48,"column":11},"end":{"line":62,"column":3}},"line":48}},"branchMap":{"0":{"loc":{"start":{"line":22,"column":4},"end":{"line":24,"column":5}},"type":"if","locations":[{"start":{"line":22,"column":4},"end":{"line":24,"column":5}},{"start":{"line":22,"column":4},"end":{"line":24,"column":5}}],"line":22},"1":{"loc":{"start":{"line":39,"column":4},"end":{"line":41,"column":5}},"type":"if","locations":[{"start":{"line":39,"column":4},"end":{"line":41,"column":5}},{"start":{"line":39,"column":4},"end":{"line":41,"column":5}}],"line":39}},"s":{"0":2,"1":2,"2":2,"3":2,"4":2,"5":2,"6":2,"7":2,"8":1,"9":2,"10":2,"11":0,"12":0,"13":0,"14":0,"15":0,"16":0,"17":0,"18":5,"19":5,"20":5,"21":1},"f":{"0":2,"1":2,"2":0,"3":5},"b":{"0":[1,1],"1":[0,0]},"_coverageSchema":"1a1c01bbd47fc00a2c39e90264f33305004495a9","hash":"753cdf58b718dbb536d941db443ab549e4f80161"}
,"/home/smolcoda/FEC/tripadvisor_imageMain_casey/client/src/components/Description.jsx": {"path":"/home/smolcoda/FEC/tripadvisor_imageMain_casey/client/src/components/Description.jsx","statementMap":{"0":{"start":{"line":9,"column":15},"end":{"line":9,"column":27}},"1":{"start":{"line":12,"column":4},"end":{"line":12,"column":17}},"2":{"start":{"line":13,"column":4},"end":{"line":19,"column":6}},"3":{"start":{"line":24,"column":4},"end":{"line":35,"column":9}},"4":{"start":{"line":26,"column":8},"end":{"line":31,"column":11}},"5":{"start":{"line":34,"column":8},"end":{"line":34,"column":27}},"6":{"start":{"line":45,"column":8},"end":{"line":45,"column":18}},"7":{"start":{"line":47,"column":23},"end":{"line":47,"column":116}},"8":{"start":{"line":47,"column":61},"end":{"line":47,"column":113}},"9":{"start":{"line":49,"column":24},"end":{"line":49,"column":127}},"10":{"start":{"line":49,"column":66},"end":{"line":49,"column":124}},"11":{"start":{"line":51,"column":22},"end":{"line":51,"column":110}},"12":{"start":{"line":53,"column":4},"end":{"line":106,"column":6}}},"fnMap":{"0":{"name":"(anonymous_0)","decl":{"start":{"line":11,"column":2},"end":{"line":11,"column":3}},"loc":{"start":{"line":11,"column":21},"end":{"line":21,"column":3}},"line":11},"1":{"name":"(anonymous_1)","decl":{"start":{"line":23,"column":2},"end":{"line":23,"column":3}},"loc":{"start":{"line":23,"column":22},"end":{"line":36,"column":3}},"line":23},"2":{"name":"(anonymous_2)","decl":{"start":{"line":25,"column":12},"end":{"line":25,"column":13}},"loc":{"start":{"line":25,"column":30},"end":{"line":32,"column":7}},"line":25},"3":{"name":"(anonymous_3)","decl":{"start":{"line":33,"column":13},"end":{"line":33,"column":14}},"loc":{"start":{"line":33,"column":22},"end":{"line":35,"column":7}},"line":33},"4":{"name":"(anonymous_4)","decl":{"start":{"line":38,"column":2},"end":{"line":38,"column":3}},"loc":{"start":{"line":38,"column":11},"end":{"line":107,"column":3}},"line":38},"5":{"name":"(anonymous_5)","decl":{"start":{"line":47,"column":46},"end":{"line":47,"column":47}},"loc":{"start":{"line":47,"column":61},"end":{"line":47,"column":113}},"line":47},"6":{"name":"(anonymous_6)","decl":{"start":{"line":49,"column":51},"end":{"line":49,"column":52}},"loc":{"start":{"line":49,"column":66},"end":{"line":49,"column":124}},"line":49}},"branchMap":{"0":{"loc":{"start":{"line":61,"column":19},"end":{"line":61,"column":100}},"type":"cond-expr","locations":[{"start":{"line":61,"column":31},"end":{"line":61,"column":64}},{"start":{"line":61,"column":67},"end":{"line":61,"column":100}}],"line":61}},"s":{"0":1,"1":1,"2":1,"3":1,"4":0,"5":0,"6":2,"7":2,"8":3,"9":2,"10":7,"11":2,"12":2},"f":{"0":1,"1":1,"2":0,"3":0,"4":2,"5":3,"6":7},"b":{"0":[1,1]},"_coverageSchema":"1a1c01bbd47fc00a2c39e90264f33305004495a9","hash":"1255c65886b085752e92e8cf002fca388013ef83"}
,"/home/smolcoda/FEC/tripadvisor_imageMain_casey/client/src/components/LeftArrow.jsx": {"path":"/home/smolcoda/FEC/tripadvisor_imageMain_casey/client/src/components/LeftArrow.jsx","statementMap":{"0":{"start":{"line":4,"column":18},"end":{"line":16,"column":1}},"1":{"start":{"line":6,"column":2},"end":{"line":14,"column":8}},"2":{"start":{"line":18,"column":0},"end":{"line":20,"column":2}}},"fnMap":{"0":{"name":"(anonymous_0)","decl":{"start":{"line":4,"column":18},"end":{"line":4,"column":19}},"loc":{"start":{"line":6,"column":2},"end":{"line":14,"column":8}},"line":6}},"branchMap":{},"s":{"0":1,"1":5,"2":1},"f":{"0":5},"b":{},"_coverageSchema":"1a1c01bbd47fc00a2c39e90264f33305004495a9","hash":"1fa7df48ee6cbf912683ed80ca82ce8ca1e88d3b"}
,"/home/smolcoda/FEC/tripadvisor_imageMain_casey/client/src/components/MidBar.jsx": {"path":"/home/smolcoda/FEC/tripadvisor_imageMain_casey/client/src/components/MidBar.jsx","statementMap":{"0":{"start":{"line":3,"column":15},"end":{"line":32,"column":1}},"1":{"start":{"line":4,"column":2},"end":{"line":31,"column":8}}},"fnMap":{"0":{"name":"(anonymous_0)","decl":{"start":{"line":3,"column":15},"end":{"line":3,"column":16}},"loc":{"start":{"line":4,"column":2},"end":{"line":31,"column":8}},"line":4}},"branchMap":{},"s":{"0":1,"1":2},"f":{"0":2},"b":{},"_coverageSchema":"1a1c01bbd47fc00a2c39e90264f33305004495a9","hash":"a3c04f68374f3577094ca6385e721a1a2acd0a3a"}
,"/home/smolcoda/FEC/tripadvisor_imageMain_casey/client/src/components/RightArrow.jsx": {"path":"/home/smolcoda/FEC/tripadvisor_imageMain_casey/client/src/components/RightArrow.jsx","statementMap":{"0":{"start":{"line":4,"column":19},"end":{"line":16,"column":1}},"1":{"start":{"line":6,"column":2},"end":{"line":14,"column":8}},"2":{"start":{"line":18,"column":0},"end":{"line":20,"column":2}}},"fnMap":{"0":{"name":"(anonymous_0)","decl":{"start":{"line":4,"column":19},"end":{"line":4,"column":20}},"loc":{"start":{"line":6,"column":2},"end":{"line":14,"column":8}},"line":6}},"branchMap":{},"s":{"0":1,"1":5,"2":1},"f":{"0":5},"b":{},"_coverageSchema":"1a1c01bbd47fc00a2c39e90264f33305004495a9","hash":"9f32ca3cf6fb39d7064684767c32e30b60286744"}
,"/home/smolcoda/FEC/tripadvisor_imageMain_casey/client/src/components/SlideShow.jsx": {"path":"/home/smolcoda/FEC/tripadvisor_imageMain_casey/client/src/components/SlideShow.jsx","statementMap":{"0":{"start":{"line":4,"column":18},"end":{"line":10,"column":1}},"1":{"start":{"line":5,"column":2},"end":{"line":8,"column":8}},"2":{"start":{"line":12,"column":0},"end":{"line":14,"column":2}}},"fnMap":{"0":{"name":"(anonymous_0)","decl":{"start":{"line":4,"column":18},"end":{"line":4,"column":19}},"loc":{"start":{"line":5,"column":2},"end":{"line":8,"column":8}},"line":5}},"branchMap":{},"s":{"0":1,"1":5,"2":1},"f":{"0":5},"b":{},"_coverageSchema":"1a1c01bbd47fc00a2c39e90264f33305004495a9","hash":"dada87aef800bf79465c1609108ea87aad3f8af6"}
,"/home/smolcoda/FEC/tripadvisor_imageMain_casey/test/MockData.js": {"path":"/home/smolcoda/FEC/tripadvisor_imageMain_casey/test/MockData.js","statementMap":{"0":{"start":{"line":5,"column":0},"end":{"line":36,"column":1}}},"fnMap":{},"branchMap":{},"s":{"0":1},"f":{},"b":{},"_coverageSchema":"1a1c01bbd47fc00a2c39e90264f33305004495a9","hash":"97835468497726ed699b14ed0fa5952a3c7e6f50"}
}
